Using pre-set license
Built from '2020.3/staging' branch; Version is '2020.3.4f1 (0abb6314276a) revision 703331'; Using compiler version '192528614'; Build Type 'Release'
OS: 'Windows 10 Enterprise; OS build 19041.388; Version 2004; 64bit' Language: 'ru' Physical Memory: 5725 MB
BatchMode: 1, IsHumanControllingUs: 0, StartBugReporterOnCrash: 0, Is64bit: 1, IsPro: 0

 COMMAND LINE ARGUMENTS:
D:\Unity editor\2020.3.4f1\Editor\Unity.exe
-adb2
-batchMode
-noUpm
-name
AssetImportWorker0
-projectPath
D:/Gaz
-logFile
Logs/AssetImportWorker0.log
-srvPort
58559
Successfully changed project path to: D:/Gaz
D:/Gaz
Using Asset Import Pipeline V2.
Refreshing native plugins compatible for Editor in 227.10 ms, found 2 plugins.
Preloading 0 native plugins for Editor in 0.00 ms.
Initialize engine version: 2020.3.4f1 (0abb6314276a)
[Subsystems] Discovering subsystems at path D:/Unity editor/2020.3.4f1/Editor/Data/Resources/UnitySubsystems
[Subsystems] Discovering subsystems at path D:/Gaz/Assets
GfxDevice: creating device client; threaded=0
Direct3D:
    Version:  Direct3D 11.0 [level 11.1]
    Renderer: AMD Radeon(TM) R5 Graphics (ID=0x98e4)
    Vendor:   
    VRAM:     2862 MB
    Driver:   27.20.14501.28009
Initialize mono
Mono path[0] = 'D:/Unity editor/2020.3.4f1/Editor/Data/Managed'
Mono path[1] = 'D:/Unity editor/2020.3.4f1/Editor/Data/MonoBleedingEdge/lib/mono/unityjit'
Mono config path = 'D:/Unity editor/2020.3.4f1/Editor/Data/MonoBleedingEdge/etc'
Using monoOptions --debugger-agent=transport=dt_socket,embedding=1,server=y,suspend=n,address=127.0.0.1:56984
Begin MonoManager ReloadAssembly
Registering precompiled unity dll's ...
Register platform support module: D:/Unity editor/2020.3.4f1/Editor/Data/PlaybackEngines/WindowsStandaloneSupport/UnityEditor.WindowsStandalone.Extensions.dll
Registered in 0.003676 seconds.
Native extension for WindowsStandalone target not found
Refreshing native plugins compatible for Editor in 189.56 ms, found 2 plugins.
Preloading 0 native plugins for Editor in 0.00 ms.
Mono: successfully reloaded assembly
- Completed reload, in  4.858 seconds
Platform modules already initialized, skipping
Registering precompiled user dll's ...
Registered in 0.008937 seconds.
Begin MonoManager ReloadAssembly
Native extension for WindowsStandalone target not found
Refreshing native plugins compatible for Editor in 1.89 ms, found 2 plugins.
Preloading 0 native plugins for Editor in 0.00 ms.
Mono: successfully reloaded assembly
- Completed reload, in  3.178 seconds
Platform modules already initialized, skipping
========================================================================
Worker process is ready to serve import requests
Launched and connected shader compiler UnityShaderCompiler.exe after 0.14 seconds
Refreshing native plugins compatible for Editor in 1.45 ms, found 2 plugins.
Preloading 0 native plugins for Editor in 0.00 ms.
Unloading 1665 Unused Serialized files (Serialized files now loaded: 0)
System memory in use before: 118.4 MB.
System memory in use after: 118.5 MB.

Unloading 18 unused Assets to reduce memory usage. Loaded Objects now: 2161.
Total: 7.123600 ms (FindLiveObjects: 0.534800 ms CreateObjectMapping: 0.241300 ms MarkObjects: 5.554500 ms  DeleteObjects: 0.789900 ms)

========================================================================
Received Import Request.
  path: Assets/Prefabs/Garage/Car_v1/Gelentwagen/Materials/gelick_support.mat
  artifactKey: Guid(0ff55c2cf8c86684e9d8d5a5a1843693) Importer(815301076,1909f56bfc062723c751e8b465ee728b)
Start importing Assets/Prefabs/Garage/Car_v1/Gelentwagen/Materials/gelick_support.mat using Guid(0ff55c2cf8c86684e9d8d5a5a1843693) Importer(815301076,1909f56bfc062723c751e8b465ee728b)  -> (artifact id: '0f3969d8998c3f83e583eca70013e88d') in 1.278883 seconds
  Import took 1.289179 seconds .

========================================================================
Received Import Request.
  Time since last request: 0.000829 seconds.
  path: Assets/Prefabs/Garage/Car_v1/Gelentwagen/Materials/gelick_body.mat
  artifactKey: Guid(210134a7116f71e469f6c7f42490e997) Importer(815301076,1909f56bfc062723c751e8b465ee728b)
Start importing Assets/Prefabs/Garage/Car_v1/Gelentwagen/Materials/gelick_body.mat using Guid(210134a7116f71e469f6c7f42490e997) Importer(815301076,1909f56bfc062723c751e8b465ee728b)  -> (artifact id: '2d5ce7946420c9b033164f51f59a2fc6') in 0.194266 seconds
  Import took 0.256983 seconds .

========================================================================
Received Prepare
Refreshing native plugins compatible for Editor in 6.54 ms, found 2 plugins.
Preloading 0 native plugins for Editor in 0.00 ms.
Unloading 12 Unused Serialized files (Serialized files now loaded: 0)
System memory in use before: 86.7 MB.
System memory in use after: 86.8 MB.

Unloading 12 unused Assets to reduce memory usage. Loaded Objects now: 2201.
Total: 6.479500 ms (FindLiveObjects: 0.529100 ms CreateObjectMapping: 0.138800 ms MarkObjects: 5.274200 ms  DeleteObjects: 0.534000 ms)

AssetImportWorkerClient::OnTransportError - code=2 error=End of file
